2023-12-19T15:55:31.861+01:00  INFO 4662 --- [main] com.sz.dev.SzDevApplication              : Starting SzDevApplication using Java 18.0.1.1 with PID 4662 (/Users/sergeizh/IdeaProjects/sz-dev/target/classes started by sergeizh in /Users/sergeizh/IdeaProjects/sz-dev)
2023-12-19T15:55:31.867+01:00  INFO 4662 --- [main] com.sz.dev.SzDevApplication              : No active profile set, falling back to 1 default profile: "default"
2023-12-19T15:55:32.148+01:00  INFO 4662 --- [main] .s.d.r.c.RepositoryConfigurationDelegate : Bootstrapping Spring Data JPA repositories in DEFAULT mode.
2023-12-19T15:55:32.414+01:00  INFO 4662 --- [main] .s.d.r.c.RepositoryConfigurationDelegate : Finished Spring Data repository scanning in 262 ms. Found 0 JPA repository interfaces.
2023-12-19T15:55:32.416+01:00  INFO 4662 --- [main] .s.d.r.c.RepositoryConfigurationDelegate : Bootstrapping Spring Data DynamoDB repositories in DEFAULT mode.
2023-12-19T15:55:32.417+01:00  INFO 4662 --- [main] .s.d.r.c.RepositoryConfigurationDelegate : Finished Spring Data repository scanning in 0 ms. Found 0 DynamoDB repository interfaces.
2023-12-19T15:55:32.439+01:00  INFO 4662 --- [main] .s.d.r.c.RepositoryConfigurationDelegate : Bootstrapping Spring Data JPA repositories in DEFAULT mode.
2023-12-19T15:55:32.454+01:00  INFO 4662 --- [main] .s.d.r.c.RepositoryConfigurationDelegate : Finished Spring Data repository scanning in 14 ms. Found 1 JPA repository interfaces.
2023-12-19T15:55:32.669+01:00  INFO 4662 --- [main] trationDelegate$BeanPostProcessorChecker : Bean 'dynamoDBConfig' of type [com.sz.dev.db.dynamo.DynamoDBConfig$$SpringCGLIB$$0] is not eligible for getting processed by all BeanPostProcessors (for example: not eligible for auto-proxying)
2023-12-19T15:55:32.674+01:00  INFO 4662 --- [main] trationDelegate$BeanPostProcessorChecker : Bean 'amazonAWSCredentials' of type [com.amazonaws.auth.BasicAWSCredentials] is not eligible for getting processed by all BeanPostProcessors (for example: not eligible for auto-proxying)
2023-12-19T15:55:32.867+01:00  INFO 4662 --- [main] trationDelegate$BeanPostProcessorChecker : Bean 'amazonDynamoDB' of type [com.amazonaws.services.dynamodbv2.AmazonDynamoDBClient] is not eligible for getting processed by all BeanPostProcessors (for example: not eligible for auto-proxying)
2023-12-19T15:55:32.877+01:00  INFO 4662 --- [main] trationDelegate$BeanPostProcessorChecker : Bean 'dynamoDBMapperConfig' of type [com.amazonaws.services.dynamodbv2.datamodeling.DynamoDBMapperConfig] is not eligible for getting processed by all BeanPostProcessors (for example: not eligible for auto-proxying)
2023-12-19T15:55:33.091+01:00  INFO 4662 --- [main] o.s.b.w.embedded.tomcat.TomcatWebServer  : Tomcat initialized with port(s): 8080 (http)
2023-12-19T15:55:33.095+01:00  INFO 4662 --- [main] o.apache.catalina.core.StandardService   : Starting service [Tomcat]
2023-12-19T15:55:33.095+01:00  INFO 4662 --- [main] o.apache.catalina.core.StandardEngine    : Starting Servlet engine: [Apache Tomcat/10.1.15]
2023-12-19T15:55:33.121+01:00  INFO 4662 --- [main] o.a.c.c.C.[Tomcat].[localhost].[/]       : Initializing Spring embedded WebApplicationContext
2023-12-19T15:55:33.122+01:00  INFO 4662 --- [main] w.s.c.ServletWebServerApplicationContext : Root WebApplicationContext: initialization completed in 1229 ms
2023-12-19T15:55:33.238+01:00  INFO 4662 --- [main] o.hibernate.jpa.internal.util.LogHelper  : HHH000204: Processing PersistenceUnitInfo [name: default]
2023-12-19T15:55:33.273+01:00  INFO 4662 --- [main] org.hibernate.Version                    : HHH000412: Hibernate ORM core version 6.2.13.Final
2023-12-19T15:55:33.274+01:00  INFO 4662 --- [main] org.hibernate.cfg.Environment            : HHH000406: Using bytecode reflection optimizer
2023-12-19T15:55:33.341+01:00  INFO 4662 --- [main] o.h.e.boot.internal.EnversServiceImpl    : Envers integration enabled? : true
2023-12-19T15:55:33.428+01:00  INFO 4662 --- [main] o.s.o.j.p.SpringPersistenceUnitInfo      : No LoadTimeWeaver setup: ignoring JPA class transformer
2023-12-19T15:55:33.443+01:00  INFO 4662 --- [main] com.zaxxer.hikari.HikariDataSource       : HikariPool-1 - Starting...
2023-12-19T15:55:33.548+01:00  INFO 4662 --- [main] com.zaxxer.hikari.pool.HikariPool        : HikariPool-1 - Added connection org.postgresql.jdbc.PgConnection@1342c6e1
2023-12-19T15:55:33.548+01:00  INFO 4662 --- [main] com.zaxxer.hikari.HikariDataSource       : HikariPool-1 - Start completed.
2023-12-19T15:55:34.007+01:00  INFO 4662 --- [main] o.h.e.t.j.p.i.JtaPlatformInitiator       : HHH000489: No JTA platform available (set 'hibernate.transaction.jta.platform' to enable JTA platform integration)
2023-12-19T15:55:34.052+01:00  INFO 4662 --- [main] j.LocalContainerEntityManagerFactoryBean : Initialized JPA EntityManagerFactory for persistence unit 'default'
2023-12-19T15:55:34.059+01:00  INFO 4662 --- [main] com.sz.dev.config.JpaConfiguration       : Jpa configuration is enabled
2023-12-19T15:55:34.061+01:00  INFO 4662 --- [main] com.sz.dev.db.sql.pool.ConnectionPool    : Init connection pool 1
2023-12-19T15:55:34.536+01:00  INFO 4662 --- [main] o.s.b.a.e.web.EndpointLinksResolver      : Exposing 1 endpoint(s) beneath base path '/actuator'
2023-12-19T15:55:34.581+01:00  INFO 4662 --- [main] o.s.b.w.embedded.tomcat.TomcatWebServer  : Tomcat started on port(s): 8080 (http) with context path ''
2023-12-19T15:55:34.590+01:00  INFO 4662 --- [main] com.sz.dev.SzDevApplication              : Started SzDevApplication in 2.91 seconds (process running for 3.182)
2023-12-19T15:55:34.861+01:00  INFO 4662 --- [RMI TCP Connection(5)-192.168.43.160] o.a.c.c.C.[Tomcat].[localhost].[/]       : Initializing Spring DispatcherServlet 'dispatcherServlet'
2023-12-19T15:55:34.862+01:00  INFO 4662 --- [RMI TCP Connection(5)-192.168.43.160] o.s.web.servlet.DispatcherServlet        : Initializing Servlet 'dispatcherServlet'
2023-12-19T15:55:34.863+01:00  INFO 4662 --- [RMI TCP Connection(5)-192.168.43.160] o.s.web.servlet.DispatcherServlet        : Completed initialization in 1 ms
2023-12-19T15:55:45.076+01:00  INFO 4662 --- [http-nio-8080-exec-1] c.s.d.a.AuditPostgresServicesAspect      : Audit method: com.sz.dev.db.sql.services.ShortReadService.findAll
2023-12-19T15:55:45.076+01:00  INFO 4662 --- [http-nio-8080-exec-2] c.s.d.a.AuditPostgresServicesAspect      : Audit method: com.sz.dev.db.sql.services.ShortReadService.findAll
2023-12-19T15:55:45.170+01:00  INFO 4662 --- [http-nio-8080-exec-2] c.s.d.a.AuditPostgresServicesAspect      : Time execution: 93ms
2023-12-19T15:55:45.170+01:00  INFO 4662 --- [http-nio-8080-exec-1] c.s.d.a.AuditPostgresServicesAspect      : Time execution: 93ms
2023-12-19T16:17:27.716+01:00  WARN 4662 --- [HikariPool-1 housekeeper] com.zaxxer.hikari.pool.HikariPool        : HikariPool-1 - Thread starvation or clock leap detected (housekeeper delta=2m23s945ms).
2023-12-19T16:30:19.794+01:00  INFO 4662 --- [http-nio-8080-exec-7] c.s.d.a.AuditPostgresServicesAspect      : Audit method: com.sz.dev.db.sql.services.ShortReadService.findAll
2023-12-19T16:30:19.794+01:00  INFO 4662 --- [http-nio-8080-exec-8] c.s.d.a.AuditPostgresServicesAspect      : Audit method: com.sz.dev.db.sql.services.ShortReadService.findAll
2023-12-19T16:30:19.812+01:00  INFO 4662 --- [http-nio-8080-exec-7] c.s.d.a.AuditPostgresServicesAspect      : Time execution: 16ms
2023-12-19T16:30:19.812+01:00  INFO 4662 --- [http-nio-8080-exec-8] c.s.d.a.AuditPostgresServicesAspect      : Time execution: 16ms
2023-12-19T16:30:27.682+01:00  INFO 4662 --- [http-nio-8080-exec-1] c.s.d.a.AuditPostgresServicesAspect      : Audit method: com.sz.dev.db.sql.services.ShortReadService.findAll
2023-12-19T16:30:27.682+01:00  INFO 4662 --- [http-nio-8080-exec-2] c.s.d.a.AuditPostgresServicesAspect      : Audit method: com.sz.dev.db.sql.services.ShortReadService.findAll
2023-12-19T16:30:27.694+01:00  INFO 4662 --- [http-nio-8080-exec-2] c.s.d.a.AuditPostgresServicesAspect      : Time execution: 11ms
2023-12-19T16:30:27.694+01:00  INFO 4662 --- [http-nio-8080-exec-1] c.s.d.a.AuditPostgresServicesAspect      : Time execution: 11ms
2023-12-19T16:31:03.418+01:00  INFO 4662 --- [http-nio-8080-exec-3] c.s.d.a.AuditPostgresServicesAspect      : Audit method: com.sz.dev.db.sql.services.ShortReadService.findAll
2023-12-19T16:31:03.426+01:00  INFO 4662 --- [http-nio-8080-exec-3] c.s.d.a.AuditPostgresServicesAspect      : Time execution: 8ms
2023-12-19T16:31:07.297+01:00  INFO 4662 --- [http-nio-8080-exec-7] c.s.d.a.AuditPostgresServicesAspect      : Audit method: com.sz.dev.db.sql.services.ShortReadService.findAll
2023-12-19T16:31:07.297+01:00  INFO 4662 --- [http-nio-8080-exec-8] c.s.d.a.AuditPostgresServicesAspect      : Audit method: com.sz.dev.db.sql.services.ShortReadService.findAll
2023-12-19T16:31:07.304+01:00  INFO 4662 --- [http-nio-8080-exec-8] c.s.d.a.AuditPostgresServicesAspect      : Time execution: 6ms
2023-12-19T16:31:07.304+01:00  INFO 4662 --- [http-nio-8080-exec-7] c.s.d.a.AuditPostgresServicesAspect      : Time execution: 6ms
2023-12-19T16:31:37.441+01:00  INFO 4662 --- [http-nio-8080-exec-10] c.s.d.a.AuditPostgresServicesAspect      : Audit method: com.sz.dev.db.sql.services.ShortReadService.findAll
2023-12-19T16:31:37.450+01:00  INFO 4662 --- [http-nio-8080-exec-10] c.s.d.a.AuditPostgresServicesAspect      : Time execution: 9ms
2023-12-19T16:31:42.364+01:00  INFO 4662 --- [http-nio-8080-exec-4] c.s.d.a.AuditPostgresServicesAspect      : Audit method: com.sz.dev.db.sql.services.ShortReadService.findAll
2023-12-19T16:31:42.368+01:00  INFO 4662 --- [http-nio-8080-exec-3] c.s.d.a.AuditPostgresServicesAspect      : Audit method: com.sz.dev.db.sql.services.ShortReadService.findAll
2023-12-19T16:31:42.376+01:00  INFO 4662 --- [http-nio-8080-exec-4] c.s.d.a.AuditPostgresServicesAspect      : Time execution: 11ms
2023-12-19T16:31:42.376+01:00  INFO 4662 --- [http-nio-8080-exec-3] c.s.d.a.AuditPostgresServicesAspect      : Time execution: 7ms
2023-12-19T16:33:18.567+01:00  INFO 4662 --- [http-nio-8080-exec-9] c.s.d.a.AuditPostgresServicesAspect      : Audit method: com.sz.dev.db.sql.services.ShortReadService.findAll
2023-12-19T16:33:18.568+01:00  INFO 4662 --- [http-nio-8080-exec-10] c.s.d.a.AuditPostgresServicesAspect      : Audit method: com.sz.dev.db.sql.services.ShortReadService.findAll
2023-12-19T16:33:18.577+01:00  INFO 4662 --- [http-nio-8080-exec-9] c.s.d.a.AuditPostgresServicesAspect      : Time execution: 8ms
2023-12-19T16:33:18.576+01:00  INFO 4662 --- [http-nio-8080-exec-10] c.s.d.a.AuditPostgresServicesAspect      : Time execution: 8ms
2023-12-19T16:35:00.477+01:00  WARN 4662 --- [http-nio-8080-exec-4] .w.s.m.s.DefaultHandlerExceptionResolver : Resolved [org.springframework.http.converter.HttpMessageNotReadableException: Required request body is missing: public org.springframework.http.ResponseEntity<com.sz.dev.dto.ObjectResponseDto<com.sz.dev.dto.ShortReadDto>> com.sz.dev.http.admin.ShortReadsAdminController.update(com.sz.dev.dto.ShortReadDto)]
2023-12-19T16:35:16.092+01:00  INFO 5922 --- [main] com.sz.dev.SzDevApplication              : Starting SzDevApplication using Java 18.0.1.1 with PID 5922 (/Users/sergeizh/IdeaProjects/sz-dev/target/classes started by sergeizh in /Users/sergeizh/IdeaProjects/sz-dev)
2023-12-19T16:35:16.097+01:00  INFO 5922 --- [main] com.sz.dev.SzDevApplication              : No active profile set, falling back to 1 default profile: "default"
2023-12-19T16:35:16.345+01:00  INFO 5922 --- [main] .s.d.r.c.RepositoryConfigurationDelegate : Bootstrapping Spring Data JPA repositories in DEFAULT mode.
2023-12-19T16:35:16.600+01:00  INFO 5922 --- [main] .s.d.r.c.RepositoryConfigurationDelegate : Finished Spring Data repository scanning in 251 ms. Found 0 JPA repository interfaces.
2023-12-19T16:35:16.601+01:00  INFO 5922 --- [main] .s.d.r.c.RepositoryConfigurationDelegate : Bootstrapping Spring Data DynamoDB repositories in DEFAULT mode.
2023-12-19T16:35:16.603+01:00  INFO 5922 --- [main] .s.d.r.c.RepositoryConfigurationDelegate : Finished Spring Data repository scanning in 0 ms. Found 0 DynamoDB repository interfaces.
2023-12-19T16:35:16.625+01:00  INFO 5922 --- [main] .s.d.r.c.RepositoryConfigurationDelegate : Bootstrapping Spring Data JPA repositories in DEFAULT mode.
2023-12-19T16:35:16.640+01:00  INFO 5922 --- [main] .s.d.r.c.RepositoryConfigurationDelegate : Finished Spring Data repository scanning in 14 ms. Found 1 JPA repository interfaces.
2023-12-19T16:35:16.849+01:00  INFO 5922 --- [main] trationDelegate$BeanPostProcessorChecker : Bean 'dynamoDBConfig' of type [com.sz.dev.db.dynamo.DynamoDBConfig$$SpringCGLIB$$0] is not eligible for getting processed by all BeanPostProcessors (for example: not eligible for auto-proxying)
2023-12-19T16:35:16.853+01:00  INFO 5922 --- [main] trationDelegate$BeanPostProcessorChecker : Bean 'amazonAWSCredentials' of type [com.amazonaws.auth.BasicAWSCredentials] is not eligible for getting processed by all BeanPostProcessors (for example: not eligible for auto-proxying)
2023-12-19T16:35:17.031+01:00  INFO 5922 --- [main] trationDelegate$BeanPostProcessorChecker : Bean 'amazonDynamoDB' of type [com.amazonaws.services.dynamodbv2.AmazonDynamoDBClient] is not eligible for getting processed by all BeanPostProcessors (for example: not eligible for auto-proxying)
2023-12-19T16:35:17.041+01:00  INFO 5922 --- [main] trationDelegate$BeanPostProcessorChecker : Bean 'dynamoDBMapperConfig' of type [com.amazonaws.services.dynamodbv2.datamodeling.DynamoDBMapperConfig] is not eligible for getting processed by all BeanPostProcessors (for example: not eligible for auto-proxying)
2023-12-19T16:35:17.246+01:00  INFO 5922 --- [main] o.s.b.w.embedded.tomcat.TomcatWebServer  : Tomcat initialized with port(s): 8080 (http)
2023-12-19T16:35:17.250+01:00  INFO 5922 --- [main] o.apache.catalina.core.StandardService   : Starting service [Tomcat]
2023-12-19T16:35:17.250+01:00  INFO 5922 --- [main] o.apache.catalina.core.StandardEngine    : Starting Servlet engine: [Apache Tomcat/10.1.15]
2023-12-19T16:35:17.274+01:00  INFO 5922 --- [main] o.a.c.c.C.[Tomcat].[localhost].[/]       : Initializing Spring embedded WebApplicationContext
2023-12-19T16:35:17.275+01:00  INFO 5922 --- [main] w.s.c.ServletWebServerApplicationContext : Root WebApplicationContext: initialization completed in 1155 ms
2023-12-19T16:35:17.387+01:00  INFO 5922 --- [main] o.hibernate.jpa.internal.util.LogHelper  : HHH000204: Processing PersistenceUnitInfo [name: default]
2023-12-19T16:35:17.417+01:00  INFO 5922 --- [main] org.hibernate.Version                    : HHH000412: Hibernate ORM core version 6.2.13.Final
2023-12-19T16:35:17.418+01:00  INFO 5922 --- [main] org.hibernate.cfg.Environment            : HHH000406: Using bytecode reflection optimizer
2023-12-19T16:35:17.471+01:00  INFO 5922 --- [main] o.h.e.boot.internal.EnversServiceImpl    : Envers integration enabled? : true
2023-12-19T16:35:17.548+01:00  INFO 5922 --- [main] o.s.o.j.p.SpringPersistenceUnitInfo      : No LoadTimeWeaver setup: ignoring JPA class transformer
2023-12-19T16:35:17.559+01:00  INFO 5922 --- [main] com.zaxxer.hikari.HikariDataSource       : HikariPool-1 - Starting...
2023-12-19T16:35:17.635+01:00  INFO 5922 --- [main] com.zaxxer.hikari.pool.HikariPool        : HikariPool-1 - Added connection org.postgresql.jdbc.PgConnection@5b1505c3
2023-12-19T16:35:17.635+01:00  INFO 5922 --- [main] com.zaxxer.hikari.HikariDataSource       : HikariPool-1 - Start completed.
2023-12-19T16:35:18.062+01:00  INFO 5922 --- [main] o.h.e.t.j.p.i.JtaPlatformInitiator       : HHH000489: No JTA platform available (set 'hibernate.transaction.jta.platform' to enable JTA platform integration)
2023-12-19T16:35:18.091+01:00  INFO 5922 --- [main] j.LocalContainerEntityManagerFactoryBean : Initialized JPA EntityManagerFactory for persistence unit 'default'
2023-12-19T16:35:18.099+01:00  INFO 5922 --- [main] com.sz.dev.config.JpaConfiguration       : Jpa configuration is enabled
2023-12-19T16:35:18.101+01:00  INFO 5922 --- [main] com.sz.dev.db.sql.pool.ConnectionPool    : Init connection pool 1
2023-12-19T16:35:18.536+01:00  INFO 5922 --- [main] o.s.b.a.e.web.EndpointLinksResolver      : Exposing 1 endpoint(s) beneath base path '/actuator'
2023-12-19T16:35:18.569+01:00  WARN 5922 --- [main] ConfigServletWebServerApplicationContext : Exception encountered during context initialization - cancelling refresh attempt: org.springframework.context.ApplicationContextException: Failed to start bean 'webServerStartStop'
2023-12-19T16:35:18.570+01:00  INFO 5922 --- [main] com.sz.dev.db.sql.pool.ConnectionPool    : Clean connection pool
2023-12-19T16:35:18.570+01:00  INFO 5922 --- [main] j.LocalContainerEntityManagerFactoryBean : Closing JPA EntityManagerFactory for persistence unit 'default'
2023-12-19T16:35:18.571+01:00  INFO 5922 --- [main] com.zaxxer.hikari.HikariDataSource       : HikariPool-1 - Shutdown initiated...
2023-12-19T16:35:18.573+01:00  INFO 5922 --- [main] com.zaxxer.hikari.HikariDataSource       : HikariPool-1 - Shutdown completed.
2023-12-19T16:35:18.573+01:00  INFO 5922 --- [main] o.apache.catalina.core.StandardService   : Stopping service [Tomcat]
2023-12-19T16:35:18.583+01:00  INFO 5922 --- [main] .s.b.a.l.ConditionEvaluationReportLogger : 

Error starting ApplicationContext. To display the condition evaluation report re-run your application with 'debug' enabled.
2023-12-19T16:35:18.589+01:00 ERROR 5922 --- [main] o.s.b.d.LoggingFailureAnalysisReporter   : 

***************************
APPLICATION FAILED TO START
***************************

Description:

Web server failed to start. Port 8080 was already in use.

Action:

Identify and stop the process that's listening on port 8080 or configure this application to listen on another port.

2023-12-19T16:35:23.534+01:00  INFO 4662 --- [http-nio-8080-exec-7] c.s.d.a.AuditPostgresServicesAspect      : Audit method: com.sz.dev.db.sql.services.ShortReadService.findAll
2023-12-19T16:35:23.534+01:00  INFO 4662 --- [http-nio-8080-exec-8] c.s.d.a.AuditPostgresServicesAspect      : Audit method: com.sz.dev.db.sql.services.ShortReadService.findAll
2023-12-19T16:35:23.544+01:00  INFO 4662 --- [http-nio-8080-exec-7] c.s.d.a.AuditPostgresServicesAspect      : Time execution: 9ms
2023-12-19T16:35:23.545+01:00  INFO 4662 --- [http-nio-8080-exec-8] c.s.d.a.AuditPostgresServicesAspect      : Time execution: 10ms
2023-12-19T16:35:48.707+01:00  INFO 4662 --- [http-nio-8080-exec-1] c.s.d.a.AuditPostgresServicesAspect      : Audit method: com.sz.dev.db.sql.services.ShortReadService.findAll
2023-12-19T16:35:48.707+01:00  INFO 4662 --- [http-nio-8080-exec-2] c.s.d.a.AuditPostgresServicesAspect      : Audit method: com.sz.dev.db.sql.services.ShortReadService.findAll
2023-12-19T16:35:48.716+01:00  INFO 4662 --- [http-nio-8080-exec-2] c.s.d.a.AuditPostgresServicesAspect      : Time execution: 8ms
2023-12-19T16:35:48.716+01:00  INFO 4662 --- [http-nio-8080-exec-1] c.s.d.a.AuditPostgresServicesAspect      : Time execution: 8ms
2023-12-19T16:35:52.457+01:00  WARN 4662 --- [http-nio-8080-exec-4] .w.s.m.s.DefaultHandlerExceptionResolver : Resolved [org.springframework.http.converter.HttpMessageNotReadableException: Required request body is missing: public org.springframework.http.ResponseEntity<com.sz.dev.dto.ObjectResponseDto<com.sz.dev.dto.ShortReadDto>> com.sz.dev.http.admin.ShortReadsAdminController.update(com.sz.dev.dto.ShortReadDto)]
2023-12-19T16:36:35.361+01:00  INFO 4662 --- [http-nio-8080-exec-5] c.s.d.a.AuditPostgresServicesAspect      : Audit method: com.sz.dev.db.sql.services.ShortReadService.findAll
2023-12-19T16:36:35.369+01:00  INFO 4662 --- [http-nio-8080-exec-5] c.s.d.a.AuditPostgresServicesAspect      : Time execution: 7ms
2023-12-19T16:36:38.657+01:00  INFO 4662 --- [http-nio-8080-exec-10] c.s.d.a.AuditPostgresServicesAspect      : Audit method: com.sz.dev.db.sql.services.ShortReadService.findAll
2023-12-19T16:36:38.658+01:00  INFO 4662 --- [http-nio-8080-exec-9] c.s.d.a.AuditPostgresServicesAspect      : Audit method: com.sz.dev.db.sql.services.ShortReadService.findAll
2023-12-19T16:36:38.671+01:00  INFO 4662 --- [http-nio-8080-exec-10] c.s.d.a.AuditPostgresServicesAspect      : Time execution: 13ms
2023-12-19T16:36:38.671+01:00  INFO 4662 --- [http-nio-8080-exec-9] c.s.d.a.AuditPostgresServicesAspect      : Time execution: 13ms
2023-12-19T16:36:41.924+01:00  WARN 4662 --- [http-nio-8080-exec-2] .w.s.m.s.DefaultHandlerExceptionResolver : Resolved [org.springframework.http.converter.HttpMessageNotReadableException: Required request body is missing: public org.springframework.http.ResponseEntity<com.sz.dev.dto.ObjectResponseDto<com.sz.dev.dto.ShortReadDto>> com.sz.dev.http.admin.ShortReadsAdminController.update(com.sz.dev.dto.ShortReadDto)]
2023-12-19T16:37:04.439+01:00  INFO 4662 --- [http-nio-8080-exec-4] c.s.d.a.AuditPostgresServicesAspect      : Audit method: com.sz.dev.db.sql.services.ShortReadService.findAll
2023-12-19T16:37:04.447+01:00  INFO 4662 --- [http-nio-8080-exec-4] c.s.d.a.AuditPostgresServicesAspect      : Time execution: 7ms
2023-12-19T16:37:06.604+01:00  INFO 4662 --- [http-nio-8080-exec-8] c.s.d.a.AuditPostgresServicesAspect      : Audit method: com.sz.dev.db.sql.services.ShortReadService.findAll
2023-12-19T16:37:06.604+01:00  INFO 4662 --- [http-nio-8080-exec-7] c.s.d.a.AuditPostgresServicesAspect      : Audit method: com.sz.dev.db.sql.services.ShortReadService.findAll
2023-12-19T16:37:06.615+01:00  INFO 4662 --- [http-nio-8080-exec-7] c.s.d.a.AuditPostgresServicesAspect      : Time execution: 11ms
2023-12-19T16:37:06.615+01:00  INFO 4662 --- [http-nio-8080-exec-8] c.s.d.a.AuditPostgresServicesAspect      : Time execution: 11ms
2023-12-19T16:37:10.020+01:00  WARN 4662 --- [http-nio-8080-exec-10] .w.s.m.s.DefaultHandlerExceptionResolver : Resolved [org.springframework.http.converter.HttpMessageNotReadableException: Required request body is missing: public org.springframework.http.ResponseEntity<com.sz.dev.dto.ObjectResponseDto<com.sz.dev.dto.ShortReadDto>> com.sz.dev.http.admin.ShortReadsAdminController.update(com.sz.dev.dto.ShortReadDto)]
2023-12-19T16:37:19.668+01:00  INFO 4662 --- [http-nio-8080-exec-2] c.s.d.a.AuditPostgresServicesAspect      : Audit method: com.sz.dev.db.sql.services.ShortReadService.findAll
2023-12-19T16:37:19.677+01:00  INFO 4662 --- [http-nio-8080-exec-2] c.s.d.a.AuditPostgresServicesAspect      : Time execution: 7ms
2023-12-19T16:37:21.892+01:00  INFO 4662 --- [http-nio-8080-exec-6] c.s.d.a.AuditPostgresServicesAspect      : Audit method: com.sz.dev.db.sql.services.ShortReadService.findAll
2023-12-19T16:37:21.892+01:00  INFO 4662 --- [http-nio-8080-exec-5] c.s.d.a.AuditPostgresServicesAspect      : Audit method: com.sz.dev.db.sql.services.ShortReadService.findAll
2023-12-19T16:37:21.902+01:00  INFO 4662 --- [http-nio-8080-exec-6] c.s.d.a.AuditPostgresServicesAspect      : Time execution: 9ms
2023-12-19T16:37:21.902+01:00  INFO 4662 --- [http-nio-8080-exec-5] c.s.d.a.AuditPostgresServicesAspect      : Time execution: 9ms
2023-12-19T16:37:25.896+01:00  WARN 4662 --- [http-nio-8080-exec-7] .w.s.m.s.DefaultHandlerExceptionResolver : Resolved [org.springframework.http.converter.HttpMessageNotReadableException: JSON parse error: Cannot construct instance of `com.sz.dev.dto.ShortReadDto` (although at least one Creator exists): no String-argument constructor/factory method to deserialize from String value ('{"id":1,"title":"2","preview":"2","content":"<p>324234324</p>","urlAlias":"24324","created":[2023,12,17],"modified":[2023,12,18]}')]
2023-12-19T16:37:45.391+01:00  INFO 4662 --- [http-nio-8080-exec-9] c.s.d.a.AuditPostgresServicesAspect      : Audit method: com.sz.dev.db.sql.services.ShortReadService.findAll
2023-12-19T16:37:45.391+01:00  INFO 4662 --- [http-nio-8080-exec-10] c.s.d.a.AuditPostgresServicesAspect      : Audit method: com.sz.dev.db.sql.services.ShortReadService.findAll
2023-12-19T16:37:45.400+01:00  INFO 4662 --- [http-nio-8080-exec-10] c.s.d.a.AuditPostgresServicesAspect      : Time execution: 8ms
2023-12-19T16:37:45.401+01:00  INFO 4662 --- [http-nio-8080-exec-9] c.s.d.a.AuditPostgresServicesAspect      : Time execution: 9ms
2023-12-19T16:37:49.135+01:00  WARN 4662 --- [http-nio-8080-exec-2] .w.s.m.s.DefaultHandlerExceptionResolver : Resolved [org.springframework.http.converter.HttpMessageNotReadableException: JSON parse error: Cannot construct instance of `com.sz.dev.dto.ShortReadDto` (although at least one Creator exists): no String-argument constructor/factory method to deserialize from String value ('{"id":1,"title":"2","preview":"2","content":"<p>324234fewef</p>","urlAlias":"24324","created":[2023,12,17],"modified":[2023,12,18]}')]
2023-12-19T16:37:50.428+01:00  INFO 4662 --- [http-nio-8080-exec-3] c.s.d.a.AuditPostgresServicesAspect      : Audit method: com.sz.dev.db.sql.services.ShortReadService.findAll
2023-12-19T16:37:50.435+01:00  INFO 4662 --- [http-nio-8080-exec-3] c.s.d.a.AuditPostgresServicesAspect      : Time execution: 6ms
2023-12-19T16:37:50.500+01:00  WARN 4662 --- [http-nio-8080-exec-4] o.s.web.servlet.PageNotFound             : No mapping for GET /favicon.ico
2023-12-19T16:38:41.883+01:00  INFO 4662 --- [http-nio-8080-exec-7] c.s.d.a.AuditPostgresServicesAspect      : Audit method: com.sz.dev.db.sql.services.ShortReadService.findAll
2023-12-19T16:38:41.883+01:00  INFO 4662 --- [http-nio-8080-exec-8] c.s.d.a.AuditPostgresServicesAspect      : Audit method: com.sz.dev.db.sql.services.ShortReadService.findAll
2023-12-19T16:38:41.893+01:00  INFO 4662 --- [http-nio-8080-exec-8] c.s.d.a.AuditPostgresServicesAspect      : Time execution: 9ms
2023-12-19T16:38:41.893+01:00  INFO 4662 --- [http-nio-8080-exec-7] c.s.d.a.AuditPostgresServicesAspect      : Time execution: 9ms
2023-12-19T16:40:19.626+01:00  INFO 4662 --- [http-nio-8080-exec-6] c.s.d.a.AuditPostgresServicesAspect      : Audit method: com.sz.dev.db.sql.services.ShortReadService.findAll
2023-12-19T16:40:19.626+01:00  INFO 4662 --- [http-nio-8080-exec-5] c.s.d.a.AuditPostgresServicesAspect      : Audit method: com.sz.dev.db.sql.services.ShortReadService.findAll
2023-12-19T16:40:19.638+01:00  INFO 4662 --- [http-nio-8080-exec-6] c.s.d.a.AuditPostgresServicesAspect      : Time execution: 12ms
2023-12-19T16:40:19.638+01:00  INFO 4662 --- [http-nio-8080-exec-5] c.s.d.a.AuditPostgresServicesAspect      : Time execution: 11ms
2023-12-19T16:40:29.298+01:00  WARN 4662 --- [http-nio-8080-exec-8] .w.s.m.s.DefaultHandlerExceptionResolver : Resolved [org.springframework.http.converter.HttpMessageNotReadableException: JSON parse error: Cannot construct instance of `com.sz.dev.dto.ShortReadDto` (although at least one Creator exists): no String-argument constructor/factory method to deserialize from String value ('{"id":1,"title":"2","preview":"2","content":"<p>324234342342</p>","urlAlias":"24324","created":[2023,12,17],"modified":[2023,12,18]}')]
2023-12-19T16:40:58.019+01:00  INFO 4662 --- [http-nio-8080-exec-2] c.s.d.a.AuditPostgresServicesAspect      : Audit method: com.sz.dev.db.sql.services.ShortReadService.findAll
2023-12-19T16:40:58.020+01:00  INFO 4662 --- [http-nio-8080-exec-1] c.s.d.a.AuditPostgresServicesAspect      : Audit method: com.sz.dev.db.sql.services.ShortReadService.findAll
2023-12-19T16:40:58.027+01:00  INFO 4662 --- [http-nio-8080-exec-1] c.s.d.a.AuditPostgresServicesAspect      : Time execution: 7ms
2023-12-19T16:40:58.027+01:00  INFO 4662 --- [http-nio-8080-exec-2] c.s.d.a.AuditPostgresServicesAspect      : Time execution: 7ms
2023-12-19T16:41:01.655+01:00  WARN 4662 --- [http-nio-8080-exec-3] .w.s.m.s.DefaultHandlerExceptionResolver : Resolved [org.springframework.http.converter.HttpMessageNotReadableException: JSON parse error: Cannot construct instance of `com.sz.dev.dto.ShortReadDto` (although at least one Creator exists): no String-argument constructor/factory method to deserialize from String value ('{"id":1,"title":"2","preview":"2","content":"<p>324234</p>","urlAlias":"24324","created":[2023,12,17],"modified":[2023,12,18]}')]
2023-12-19T16:41:36.297+01:00  WARN 4662 --- [http-nio-8080-exec-5] .w.s.m.s.DefaultHandlerExceptionResolver : Resolved [org.springframework.http.converter.HttpMessageNotReadableException: JSON parse error: Cannot construct instance of `com.sz.dev.dto.ShortReadDto` (although at least one Creator exists): no String-argument constructor/factory method to deserialize from String value ('{"id":1,"title":"2","preview":"2","content":"<p>324234</p>","urlAlias":"24324","created":[2023,12,17],"modified":[2023,12,18]}')]
2023-12-19T16:41:58.017+01:00  INFO 6389 --- [main] com.sz.dev.SzDevApplication              : Starting SzDevApplication using Java 18.0.1.1 with PID 6389 (/Users/sergeizh/IdeaProjects/sz-dev/target/classes started by sergeizh in /Users/sergeizh/IdeaProjects/sz-dev)
2023-12-19T16:41:58.018+01:00  INFO 6389 --- [main] com.sz.dev.SzDevApplication              : No active profile set, falling back to 1 default profile: "default"
2023-12-19T16:41:58.263+01:00  INFO 6389 --- [main] .s.d.r.c.RepositoryConfigurationDelegate : Bootstrapping Spring Data JPA repositories in DEFAULT mode.
2023-12-19T16:41:58.527+01:00  INFO 6389 --- [main] .s.d.r.c.RepositoryConfigurationDelegate : Finished Spring Data repository scanning in 260 ms. Found 0 JPA repository interfaces.
2023-12-19T16:41:58.529+01:00  INFO 6389 --- [main] .s.d.r.c.RepositoryConfigurationDelegate : Bootstrapping Spring Data DynamoDB repositories in DEFAULT mode.
2023-12-19T16:41:58.530+01:00  INFO 6389 --- [main] .s.d.r.c.RepositoryConfigurationDelegate : Finished Spring Data repository scanning in 0 ms. Found 0 DynamoDB repository interfaces.
2023-12-19T16:41:58.551+01:00  INFO 6389 --- [main] .s.d.r.c.RepositoryConfigurationDelegate : Bootstrapping Spring Data JPA repositories in DEFAULT mode.
2023-12-19T16:41:58.565+01:00  INFO 6389 --- [main] .s.d.r.c.RepositoryConfigurationDelegate : Finished Spring Data repository scanning in 13 ms. Found 1 JPA repository interfaces.
2023-12-19T16:41:58.773+01:00  INFO 6389 --- [main] trationDelegate$BeanPostProcessorChecker : Bean 'dynamoDBConfig' of type [com.sz.dev.db.dynamo.DynamoDBConfig$$SpringCGLIB$$0] is not eligible for getting processed by all BeanPostProcessors (for example: not eligible for auto-proxying)
2023-12-19T16:41:58.777+01:00  INFO 6389 --- [main] trationDelegate$BeanPostProcessorChecker : Bean 'amazonAWSCredentials' of type [com.amazonaws.auth.BasicAWSCredentials] is not eligible for getting processed by all BeanPostProcessors (for example: not eligible for auto-proxying)
2023-12-19T16:41:58.939+01:00  INFO 6389 --- [main] trationDelegate$BeanPostProcessorChecker : Bean 'amazonDynamoDB' of type [com.amazonaws.services.dynamodbv2.AmazonDynamoDBClient] is not eligible for getting processed by all BeanPostProcessors (for example: not eligible for auto-proxying)
2023-12-19T16:41:58.948+01:00  INFO 6389 --- [main] trationDelegate$BeanPostProcessorChecker : Bean 'dynamoDBMapperConfig' of type [com.amazonaws.services.dynamodbv2.datamodeling.DynamoDBMapperConfig] is not eligible for getting processed by all BeanPostProcessors (for example: not eligible for auto-proxying)
2023-12-19T16:41:59.141+01:00  INFO 6389 --- [main] o.s.b.w.embedded.tomcat.TomcatWebServer  : Tomcat initialized with port(s): 8080 (http)
2023-12-19T16:41:59.145+01:00  INFO 6389 --- [main] o.apache.catalina.core.StandardService   : Starting service [Tomcat]
2023-12-19T16:41:59.145+01:00  INFO 6389 --- [main] o.apache.catalina.core.StandardEngine    : Starting Servlet engine: [Apache Tomcat/10.1.15]
2023-12-19T16:41:59.167+01:00  INFO 6389 --- [main] o.a.c.c.C.[Tomcat].[localhost].[/]       : Initializing Spring embedded WebApplicationContext
2023-12-19T16:41:59.167+01:00  INFO 6389 --- [main] w.s.c.ServletWebServerApplicationContext : Root WebApplicationContext: initialization completed in 1121 ms
2023-12-19T16:41:59.276+01:00  INFO 6389 --- [main] o.hibernate.jpa.internal.util.LogHelper  : HHH000204: Processing PersistenceUnitInfo [name: default]
2023-12-19T16:41:59.303+01:00  INFO 6389 --- [main] org.hibernate.Version                    : HHH000412: Hibernate ORM core version 6.2.13.Final
2023-12-19T16:41:59.304+01:00  INFO 6389 --- [main] org.hibernate.cfg.Environment            : HHH000406: Using bytecode reflection optimizer
2023-12-19T16:41:59.353+01:00  INFO 6389 --- [main] o.h.e.boot.internal.EnversServiceImpl    : Envers integration enabled? : true
2023-12-19T16:41:59.424+01:00  INFO 6389 --- [main] o.s.o.j.p.SpringPersistenceUnitInfo      : No LoadTimeWeaver setup: ignoring JPA class transformer
2023-12-19T16:41:59.436+01:00  INFO 6389 --- [main] com.zaxxer.hikari.HikariDataSource       : HikariPool-1 - Starting...
2023-12-19T16:41:59.502+01:00  INFO 6389 --- [main] com.zaxxer.hikari.pool.HikariPool        : HikariPool-1 - Added connection org.postgresql.jdbc.PgConnection@6ddd71cc
2023-12-19T16:41:59.503+01:00  INFO 6389 --- [main] com.zaxxer.hikari.HikariDataSource       : HikariPool-1 - Start completed.
2023-12-19T16:41:59.908+01:00  INFO 6389 --- [main] o.h.e.t.j.p.i.JtaPlatformInitiator       : HHH000489: No JTA platform available (set 'hibernate.transaction.jta.platform' to enable JTA platform integration)
2023-12-19T16:41:59.930+01:00  INFO 6389 --- [main] j.LocalContainerEntityManagerFactoryBean : Initialized JPA EntityManagerFactory for persistence unit 'default'
2023-12-19T16:41:59.937+01:00  INFO 6389 --- [main] com.sz.dev.config.JpaConfiguration       : Jpa configuration is enabled
2023-12-19T16:41:59.939+01:00  INFO 6389 --- [main] com.sz.dev.db.sql.pool.ConnectionPool    : Init connection pool 1
2023-12-19T16:42:00.368+01:00  INFO 6389 --- [main] o.s.b.a.e.web.EndpointLinksResolver      : Exposing 1 endpoint(s) beneath base path '/actuator'
2023-12-19T16:42:00.400+01:00  WARN 6389 --- [main] ConfigServletWebServerApplicationContext : Exception encountered during context initialization - cancelling refresh attempt: org.springframework.context.ApplicationContextException: Failed to start bean 'webServerStartStop'
2023-12-19T16:42:00.402+01:00  INFO 6389 --- [main] com.sz.dev.db.sql.pool.ConnectionPool    : Clean connection pool
2023-12-19T16:42:00.402+01:00  INFO 6389 --- [main] j.LocalContainerEntityManagerFactoryBean : Closing JPA EntityManagerFactory for persistence unit 'default'
2023-12-19T16:42:00.403+01:00  INFO 6389 --- [main] com.zaxxer.hikari.HikariDataSource       : HikariPool-1 - Shutdown initiated...
2023-12-19T16:42:00.404+01:00  INFO 6389 --- [main] com.zaxxer.hikari.HikariDataSource       : HikariPool-1 - Shutdown completed.
2023-12-19T16:42:00.405+01:00  INFO 6389 --- [main] o.apache.catalina.core.StandardService   : Stopping service [Tomcat]
2023-12-19T16:42:00.414+01:00  INFO 6389 --- [main] .s.b.a.l.ConditionEvaluationReportLogger : 

Error starting ApplicationContext. To display the condition evaluation report re-run your application with 'debug' enabled.
2023-12-19T16:42:00.420+01:00 ERROR 6389 --- [main] o.s.b.d.LoggingFailureAnalysisReporter   : 

***************************
APPLICATION FAILED TO START
***************************

Description:

Web server failed to start. Port 8080 was already in use.

Action:

Identify and stop the process that's listening on port 8080 or configure this application to listen on another port.

2023-12-19T16:42:10.642+01:00  INFO 4662 --- [http-nio-8080-exec-7] c.s.d.a.AuditPostgresServicesAspect      : Audit method: com.sz.dev.db.sql.services.ShortReadService.findAll
2023-12-19T16:42:10.652+01:00  INFO 4662 --- [http-nio-8080-exec-7] c.s.d.a.AuditPostgresServicesAspect      : Time execution: 9ms
2023-12-19T16:43:35.349+01:00  WARN 4662 --- [http-nio-8080-exec-4] .w.s.m.s.DefaultHandlerExceptionResolver : Resolved [org.springframework.http.converter.HttpMessageNotReadableException: JSON parse error: Cannot construct instance of `com.sz.dev.dto.ShortReadDto` (although at least one Creator exists): no String-argument constructor/factory method to deserialize from String value ('{"id":1,"title":"2","preview":"2","content":"<p>324234</p>","urlAlias":"24324","created":[2023,12,17],"modified":[2023,12,18]}')]
2023-12-19T16:43:35.349+01:00  WARN 4662 --- [http-nio-8080-exec-1] .w.s.m.s.DefaultHandlerExceptionResolver : Resolved [org.springframework.http.converter.HttpMessageNotReadableException: JSON parse error: Cannot construct instance of `com.sz.dev.dto.ShortReadDto` (although at least one Creator exists): no String-argument constructor/factory method to deserialize from String value ('{"id":1,"title":"2","preview":"2","content":"<p>324234</p>","urlAlias":"24324","created":[2023,12,17],"modified":[2023,12,18]}')]
2023-12-19T16:44:04.357+01:00  INFO 6442 --- [main] com.sz.dev.SzDevApplication              : Starting SzDevApplication using Java 18.0.1.1 with PID 6442 (/Users/sergeizh/IdeaProjects/sz-dev/target/classes started by sergeizh in /Users/sergeizh/IdeaProjects/sz-dev)
2023-12-19T16:44:04.358+01:00  INFO 6442 --- [main] com.sz.dev.SzDevApplication              : No active profile set, falling back to 1 default profile: "default"
2023-12-19T16:44:04.614+01:00  INFO 6442 --- [main] .s.d.r.c.RepositoryConfigurationDelegate : Bootstrapping Spring Data JPA repositories in DEFAULT mode.
2023-12-19T16:44:04.875+01:00  INFO 6442 --- [main] .s.d.r.c.RepositoryConfigurationDelegate : Finished Spring Data repository scanning in 257 ms. Found 0 JPA repository interfaces.
2023-12-19T16:44:04.877+01:00  INFO 6442 --- [main] .s.d.r.c.RepositoryConfigurationDelegate : Bootstrapping Spring Data DynamoDB repositories in DEFAULT mode.
2023-12-19T16:44:04.877+01:00  INFO 6442 --- [main] .s.d.r.c.RepositoryConfigurationDelegate : Finished Spring Data repository scanning in 0 ms. Found 0 DynamoDB repository interfaces.
2023-12-19T16:44:04.898+01:00  INFO 6442 --- [main] .s.d.r.c.RepositoryConfigurationDelegate : Bootstrapping Spring Data JPA repositories in DEFAULT mode.
2023-12-19T16:44:04.913+01:00  INFO 6442 --- [main] .s.d.r.c.RepositoryConfigurationDelegate : Finished Spring Data repository scanning in 14 ms. Found 1 JPA repository interfaces.
2023-12-19T16:44:05.113+01:00  INFO 6442 --- [main] trationDelegate$BeanPostProcessorChecker : Bean 'dynamoDBConfig' of type [com.sz.dev.db.dynamo.DynamoDBConfig$$SpringCGLIB$$0] is not eligible for getting processed by all BeanPostProcessors (for example: not eligible for auto-proxying)
2023-12-19T16:44:05.118+01:00  INFO 6442 --- [main] trationDelegate$BeanPostProcessorChecker : Bean 'amazonAWSCredentials' of type [com.amazonaws.auth.BasicAWSCredentials] is not eligible for getting processed by all BeanPostProcessors (for example: not eligible for auto-proxying)
2023-12-19T16:44:05.280+01:00  INFO 6442 --- [main] trationDelegate$BeanPostProcessorChecker : Bean 'amazonDynamoDB' of type [com.amazonaws.services.dynamodbv2.AmazonDynamoDBClient] is not eligible for getting processed by all BeanPostProcessors (for example: not eligible for auto-proxying)
2023-12-19T16:44:05.289+01:00  INFO 6442 --- [main] trationDelegate$BeanPostProcessorChecker : Bean 'dynamoDBMapperConfig' of type [com.amazonaws.services.dynamodbv2.datamodeling.DynamoDBMapperConfig] is not eligible for getting processed by all BeanPostProcessors (for example: not eligible for auto-proxying)
2023-12-19T16:44:05.483+01:00  INFO 6442 --- [main] o.s.b.w.embedded.tomcat.TomcatWebServer  : Tomcat initialized with port(s): 8080 (http)
2023-12-19T16:44:05.487+01:00  INFO 6442 --- [main] o.apache.catalina.core.StandardService   : Starting service [Tomcat]
2023-12-19T16:44:05.487+01:00  INFO 6442 --- [main] o.apache.catalina.core.StandardEngine    : Starting Servlet engine: [Apache Tomcat/10.1.15]
2023-12-19T16:44:05.510+01:00  INFO 6442 --- [main] o.a.c.c.C.[Tomcat].[localhost].[/]       : Initializing Spring embedded WebApplicationContext
2023-12-19T16:44:05.510+01:00  INFO 6442 --- [main] w.s.c.ServletWebServerApplicationContext : Root WebApplicationContext: initialization completed in 1126 ms
2023-12-19T16:44:05.618+01:00  INFO 6442 --- [main] o.hibernate.jpa.internal.util.LogHelper  : HHH000204: Processing PersistenceUnitInfo [name: default]
2023-12-19T16:44:05.646+01:00  INFO 6442 --- [main] org.hibernate.Version                    : HHH000412: Hibernate ORM core version 6.2.13.Final
2023-12-19T16:44:05.647+01:00  INFO 6442 --- [main] org.hibernate.cfg.Environment            : HHH000406: Using bytecode reflection optimizer
2023-12-19T16:44:05.698+01:00  INFO 6442 --- [main] o.h.e.boot.internal.EnversServiceImpl    : Envers integration enabled? : true
2023-12-19T16:44:05.772+01:00  INFO 6442 --- [main] o.s.o.j.p.SpringPersistenceUnitInfo      : No LoadTimeWeaver setup: ignoring JPA class transformer
2023-12-19T16:44:05.784+01:00  INFO 6442 --- [main] com.zaxxer.hikari.HikariDataSource       : HikariPool-1 - Starting...
2023-12-19T16:44:05.864+01:00  INFO 6442 --- [main] com.zaxxer.hikari.pool.HikariPool        : HikariPool-1 - Added connection org.postgresql.jdbc.PgConnection@519f6adb
2023-12-19T16:44:05.864+01:00  INFO 6442 --- [main] com.zaxxer.hikari.HikariDataSource       : HikariPool-1 - Start completed.
2023-12-19T16:44:06.292+01:00  INFO 6442 --- [main] o.h.e.t.j.p.i.JtaPlatformInitiator       : HHH000489: No JTA platform available (set 'hibernate.transaction.jta.platform' to enable JTA platform integration)
2023-12-19T16:44:06.323+01:00  INFO 6442 --- [main] j.LocalContainerEntityManagerFactoryBean : Initialized JPA EntityManagerFactory for persistence unit 'default'
2023-12-19T16:44:06.330+01:00  INFO 6442 --- [main] com.sz.dev.config.JpaConfiguration       : Jpa configuration is enabled
2023-12-19T16:44:06.332+01:00  INFO 6442 --- [main] com.sz.dev.db.sql.pool.ConnectionPool    : Init connection pool 1
2023-12-19T16:44:06.759+01:00  INFO 6442 --- [main] o.s.b.a.e.web.EndpointLinksResolver      : Exposing 1 endpoint(s) beneath base path '/actuator'
2023-12-19T16:44:06.791+01:00  WARN 6442 --- [main] ConfigServletWebServerApplicationContext : Exception encountered during context initialization - cancelling refresh attempt: org.springframework.context.ApplicationContextException: Failed to start bean 'webServerStartStop'
2023-12-19T16:44:06.793+01:00  INFO 6442 --- [main] com.sz.dev.db.sql.pool.ConnectionPool    : Clean connection pool
2023-12-19T16:44:06.793+01:00  INFO 6442 --- [main] j.LocalContainerEntityManagerFactoryBean : Closing JPA EntityManagerFactory for persistence unit 'default'
2023-12-19T16:44:06.793+01:00  INFO 6442 --- [main] com.zaxxer.hikari.HikariDataSource       : HikariPool-1 - Shutdown initiated...
2023-12-19T16:44:06.795+01:00  INFO 6442 --- [main] com.zaxxer.hikari.HikariDataSource       : HikariPool-1 - Shutdown completed.
2023-12-19T16:44:06.796+01:00  INFO 6442 --- [main] o.apache.catalina.core.StandardService   : Stopping service [Tomcat]
2023-12-19T16:44:06.804+01:00  INFO 6442 --- [main] .s.b.a.l.ConditionEvaluationReportLogger : 

Error starting ApplicationContext. To display the condition evaluation report re-run your application with 'debug' enabled.
2023-12-19T16:44:06.810+01:00 ERROR 6442 --- [main] o.s.b.d.LoggingFailureAnalysisReporter   : 

***************************
APPLICATION FAILED TO START
***************************

Description:

Web server failed to start. Port 8080 was already in use.

Action:

Identify and stop the process that's listening on port 8080 or configure this application to listen on another port.

2023-12-19T16:46:12.743+01:00  INFO 6484 --- [main] com.sz.dev.SzDevApplication              : Starting SzDevApplication using Java 18.0.1.1 with PID 6484 (/Users/sergeizh/IdeaProjects/sz-dev/target/classes started by sergeizh in /Users/sergeizh/IdeaProjects/sz-dev)
2023-12-19T16:46:12.743+01:00  INFO 6484 --- [main] com.sz.dev.SzDevApplication              : No active profile set, falling back to 1 default profile: "default"
2023-12-19T16:46:12.987+01:00  INFO 6484 --- [main] .s.d.r.c.RepositoryConfigurationDelegate : Bootstrapping Spring Data JPA repositories in DEFAULT mode.
2023-12-19T16:46:13.232+01:00  INFO 6484 --- [main] .s.d.r.c.RepositoryConfigurationDelegate : Finished Spring Data repository scanning in 242 ms. Found 0 JPA repository interfaces.
2023-12-19T16:46:13.233+01:00  INFO 6484 --- [main] .s.d.r.c.RepositoryConfigurationDelegate : Bootstrapping Spring Data DynamoDB repositories in DEFAULT mode.
2023-12-19T16:46:13.234+01:00  INFO 6484 --- [main] .s.d.r.c.RepositoryConfigurationDelegate : Finished Spring Data repository scanning in 0 ms. Found 0 DynamoDB repository interfaces.
2023-12-19T16:46:13.254+01:00  INFO 6484 --- [main] .s.d.r.c.RepositoryConfigurationDelegate : Bootstrapping Spring Data JPA repositories in DEFAULT mode.
2023-12-19T16:46:13.268+01:00  INFO 6484 --- [main] .s.d.r.c.RepositoryConfigurationDelegate : Finished Spring Data repository scanning in 13 ms. Found 1 JPA repository interfaces.
2023-12-19T16:46:13.455+01:00  INFO 6484 --- [main] trationDelegate$BeanPostProcessorChecker : Bean 'dynamoDBConfig' of type [com.sz.dev.db.dynamo.DynamoDBConfig$$SpringCGLIB$$0] is not eligible for getting processed by all BeanPostProcessors (for example: not eligible for auto-proxying)
2023-12-19T16:46:13.459+01:00  INFO 6484 --- [main] trationDelegate$BeanPostProcessorChecker : Bean 'amazonAWSCredentials' of type [com.amazonaws.auth.BasicAWSCredentials] is not eligible for getting processed by all BeanPostProcessors (for example: not eligible for auto-proxying)
2023-12-19T16:46:13.627+01:00  INFO 6484 --- [main] trationDelegate$BeanPostProcessorChecker : Bean 'amazonDynamoDB' of type [com.amazonaws.services.dynamodbv2.AmazonDynamoDBClient] is not eligible for getting processed by all BeanPostProcessors (for example: not eligible for auto-proxying)
2023-12-19T16:46:13.636+01:00  INFO 6484 --- [main] trationDelegate$BeanPostProcessorChecker : Bean 'dynamoDBMapperConfig' of type [com.amazonaws.services.dynamodbv2.datamodeling.DynamoDBMapperConfig] is not eligible for getting processed by all BeanPostProcessors (for example: not eligible for auto-proxying)
2023-12-19T16:46:13.833+01:00  INFO 6484 --- [main] o.s.b.w.embedded.tomcat.TomcatWebServer  : Tomcat initialized with port(s): 8080 (http)
2023-12-19T16:46:13.836+01:00  INFO 6484 --- [main] o.apache.catalina.core.StandardService   : Starting service [Tomcat]
2023-12-19T16:46:13.836+01:00  INFO 6484 --- [main] o.apache.catalina.core.StandardEngine    : Starting Servlet engine: [Apache Tomcat/10.1.15]
2023-12-19T16:46:13.859+01:00  INFO 6484 --- [main] o.a.c.c.C.[Tomcat].[localhost].[/]       : Initializing Spring embedded WebApplicationContext
2023-12-19T16:46:13.859+01:00  INFO 6484 --- [main] w.s.c.ServletWebServerApplicationContext : Root WebApplicationContext: initialization completed in 1091 ms
2023-12-19T16:46:13.971+01:00  INFO 6484 --- [main] o.hibernate.jpa.internal.util.LogHelper  : HHH000204: Processing PersistenceUnitInfo [name: default]
2023-12-19T16:46:13.999+01:00  INFO 6484 --- [main] org.hibernate.Version                    : HHH000412: Hibernate ORM core version 6.2.13.Final
2023-12-19T16:46:14.000+01:00  INFO 6484 --- [main] org.hibernate.cfg.Environment            : HHH000406: Using bytecode reflection optimizer
2023-12-19T16:46:14.052+01:00  INFO 6484 --- [main] o.h.e.boot.internal.EnversServiceImpl    : Envers integration enabled? : true
2023-12-19T16:46:14.124+01:00  INFO 6484 --- [main] o.s.o.j.p.SpringPersistenceUnitInfo      : No LoadTimeWeaver setup: ignoring JPA class transformer
2023-12-19T16:46:14.136+01:00  INFO 6484 --- [main] com.zaxxer.hikari.HikariDataSource       : HikariPool-1 - Starting...
2023-12-19T16:46:14.216+01:00  INFO 6484 --- [main] com.zaxxer.hikari.pool.HikariPool        : HikariPool-1 - Added connection org.postgresql.jdbc.PgConnection@20ee12d8
2023-12-19T16:46:14.217+01:00  INFO 6484 --- [main] com.zaxxer.hikari.HikariDataSource       : HikariPool-1 - Start completed.
2023-12-19T16:46:14.632+01:00  INFO 6484 --- [main] o.h.e.t.j.p.i.JtaPlatformInitiator       : HHH000489: No JTA platform available (set 'hibernate.transaction.jta.platform' to enable JTA platform integration)
2023-12-19T16:46:14.657+01:00  INFO 6484 --- [main] j.LocalContainerEntityManagerFactoryBean : Initialized JPA EntityManagerFactory for persistence unit 'default'
2023-12-19T16:46:14.664+01:00  INFO 6484 --- [main] com.sz.dev.config.JpaConfiguration       : Jpa configuration is enabled
2023-12-19T16:46:14.666+01:00  INFO 6484 --- [main] com.sz.dev.db.sql.pool.ConnectionPool    : Init connection pool 1
2023-12-19T16:46:15.097+01:00  INFO 6484 --- [main] o.s.b.a.e.web.EndpointLinksResolver      : Exposing 1 endpoint(s) beneath base path '/actuator'
2023-12-19T16:46:15.134+01:00  INFO 6484 --- [main] o.s.b.w.embedded.tomcat.TomcatWebServer  : Tomcat started on port(s): 8080 (http) with context path ''
2023-12-19T16:46:15.142+01:00  INFO 6484 --- [main] com.sz.dev.SzDevApplication              : Started SzDevApplication in 2.607 seconds (process running for 2.867)
2023-12-19T16:46:15.551+01:00  INFO 6484 --- [RMI TCP Connection(3)-192.168.43.160] o.a.c.c.C.[Tomcat].[localhost].[/]       : Initializing Spring DispatcherServlet 'dispatcherServlet'
2023-12-19T16:46:15.551+01:00  INFO 6484 --- [RMI TCP Connection(3)-192.168.43.160] o.s.web.servlet.DispatcherServlet        : Initializing Servlet 'dispatcherServlet'
2023-12-19T16:46:15.552+01:00  INFO 6484 --- [RMI TCP Connection(3)-192.168.43.160] o.s.web.servlet.DispatcherServlet        : Completed initialization in 1 ms
2023-12-19T16:46:21.474+01:00  WARN 6484 --- [http-nio-8080-exec-2] .w.s.m.s.DefaultHandlerExceptionResolver : Resolved [org.springframework.http.converter.HttpMessageNotReadableException: JSON parse error: Cannot construct instance of `com.sz.dev.dto.ShortReadDto` (although at least one Creator exists): no String-argument constructor/factory method to deserialize from String value ('{"id":1,"title":"2","preview":"2","content":"<p>324234</p>","urlAlias":"24324","created":[2023,12,17],"modified":[2023,12,18]}')]
2023-12-19T16:47:22.081+01:00  INFO 6484 --- [http-nio-8080-exec-4] c.s.d.a.AuditPostgresServicesAspect      : Audit method: com.sz.dev.db.sql.services.ShortReadService.findAll
2023-12-19T16:47:22.243+01:00  INFO 6484 --- [http-nio-8080-exec-4] c.s.d.a.AuditPostgresServicesAspect      : Time execution: 160ms
2023-12-19T16:47:24.435+01:00  INFO 6484 --- [http-nio-8080-exec-8] c.s.d.a.AuditPostgresServicesAspect      : Audit method: com.sz.dev.db.sql.services.ShortReadService.findAll
2023-12-19T16:47:24.440+01:00  INFO 6484 --- [http-nio-8080-exec-7] c.s.d.a.AuditPostgresServicesAspect      : Audit method: com.sz.dev.db.sql.services.ShortReadService.findAll
2023-12-19T16:47:24.452+01:00  INFO 6484 --- [http-nio-8080-exec-8] c.s.d.a.AuditPostgresServicesAspect      : Time execution: 17ms
2023-12-19T16:47:24.456+01:00  INFO 6484 --- [http-nio-8080-exec-7] c.s.d.a.AuditPostgresServicesAspect      : Time execution: 16ms
2023-12-19T16:47:27.340+01:00  INFO 6484 --- [http-nio-8080-exec-10] c.s.d.a.AuditPostgresServicesAspect      : Audit method: com.sz.dev.db.sql.services.ShortReadService.update
2023-12-19T16:47:27.361+01:00  INFO 6484 --- [http-nio-8080-exec-10] c.s.d.a.AuditPostgresServicesAspect      : Time execution: 20ms
2023-12-19T16:47:27.414+01:00  INFO 6484 --- [http-nio-8080-exec-2] c.s.d.a.AuditPostgresServicesAspect      : Audit method: com.sz.dev.db.sql.services.ShortReadService.findAll
2023-12-19T16:47:27.418+01:00  INFO 6484 --- [http-nio-8080-exec-2] c.s.d.a.AuditPostgresServicesAspect      : Time execution: 3ms
2023-12-19T16:49:06.431+01:00  INFO 6484 --- [http-nio-8080-exec-6] c.s.d.a.AuditPostgresServicesAspect      : Audit method: com.sz.dev.db.sql.services.ShortReadService.findAll
2023-12-19T16:49:06.440+01:00  INFO 6484 --- [http-nio-8080-exec-6] c.s.d.a.AuditPostgresServicesAspect      : Time execution: 9ms
2023-12-19T16:49:06.445+01:00  INFO 6484 --- [http-nio-8080-exec-5] c.s.d.a.AuditPostgresServicesAspect      : Audit method: com.sz.dev.db.sql.services.ShortReadService.findAll
2023-12-19T16:49:06.452+01:00  INFO 6484 --- [http-nio-8080-exec-5] c.s.d.a.AuditPostgresServicesAspect      : Time execution: 6ms
2023-12-19T17:03:00.964+01:00  INFO 6484 --- [SpringApplicationShutdownHook] com.sz.dev.db.sql.pool.ConnectionPool    : Clean connection pool
2023-12-19T17:03:00.965+01:00  INFO 6484 --- [SpringApplicationShutdownHook] j.LocalContainerEntityManagerFactoryBean : Closing JPA EntityManagerFactory for persistence unit 'default'
2023-12-19T17:03:00.967+01:00  INFO 6484 --- [SpringApplicationShutdownHook] com.zaxxer.hikari.HikariDataSource       : HikariPool-1 - Shutdown initiated...
2023-12-19T17:03:00.968+01:00  INFO 6484 --- [SpringApplicationShutdownHook] com.zaxxer.hikari.HikariDataSource       : HikariPool-1 - Shutdown completed.
2023-12-19T17:03:02.558+01:00  INFO 6739 --- [main] com.sz.dev.SzDevApplication              : Starting SzDevApplication using Java 18.0.1.1 with PID 6739 (/Users/sergeizh/IdeaProjects/sz-dev/target/classes started by sergeizh in /Users/sergeizh/IdeaProjects/sz-dev)
2023-12-19T17:03:02.559+01:00  INFO 6739 --- [main] com.sz.dev.SzDevApplication              : No active profile set, falling back to 1 default profile: "default"
2023-12-19T17:03:02.808+01:00  INFO 6739 --- [main] .s.d.r.c.RepositoryConfigurationDelegate : Bootstrapping Spring Data JPA repositories in DEFAULT mode.
2023-12-19T17:03:03.059+01:00  INFO 6739 --- [main] .s.d.r.c.RepositoryConfigurationDelegate : Finished Spring Data repository scanning in 248 ms. Found 0 JPA repository interfaces.
2023-12-19T17:03:03.060+01:00  INFO 6739 --- [main] .s.d.r.c.RepositoryConfigurationDelegate : Bootstrapping Spring Data DynamoDB repositories in DEFAULT mode.
2023-12-19T17:03:03.061+01:00  INFO 6739 --- [main] .s.d.r.c.RepositoryConfigurationDelegate : Finished Spring Data repository scanning in 0 ms. Found 0 DynamoDB repository interfaces.
2023-12-19T17:03:03.081+01:00  INFO 6739 --- [main] .s.d.r.c.RepositoryConfigurationDelegate : Bootstrapping Spring Data JPA repositories in DEFAULT mode.
2023-12-19T17:03:03.094+01:00  INFO 6739 --- [main] .s.d.r.c.RepositoryConfigurationDelegate : Finished Spring Data repository scanning in 13 ms. Found 1 JPA repository interfaces.
2023-12-19T17:03:03.290+01:00  INFO 6739 --- [main] trationDelegate$BeanPostProcessorChecker : Bean 'dynamoDBConfig' of type [com.sz.dev.db.dynamo.DynamoDBConfig$$SpringCGLIB$$0] is not eligible for getting processed by all BeanPostProcessors (for example: not eligible for auto-proxying)
2023-12-19T17:03:03.294+01:00  INFO 6739 --- [main] trationDelegate$BeanPostProcessorChecker : Bean 'amazonAWSCredentials' of type [com.amazonaws.auth.BasicAWSCredentials] is not eligible for getting processed by all BeanPostProcessors (for example: not eligible for auto-proxying)
2023-12-19T17:03:03.459+01:00  INFO 6739 --- [main] trationDelegate$BeanPostProcessorChecker : Bean 'amazonDynamoDB' of type [com.amazonaws.services.dynamodbv2.AmazonDynamoDBClient] is not eligible for getting processed by all BeanPostProcessors (for example: not eligible for auto-proxying)
2023-12-19T17:03:03.468+01:00  INFO 6739 --- [main] trationDelegate$BeanPostProcessorChecker : Bean 'dynamoDBMapperConfig' of type [com.amazonaws.services.dynamodbv2.datamodeling.DynamoDBMapperConfig] is not eligible for getting processed by all BeanPostProcessors (for example: not eligible for auto-proxying)
2023-12-19T17:03:03.666+01:00  INFO 6739 --- [main] o.s.b.w.embedded.tomcat.TomcatWebServer  : Tomcat initialized with port(s): 8080 (http)
2023-12-19T17:03:03.670+01:00  INFO 6739 --- [main] o.apache.catalina.core.StandardService   : Starting service [Tomcat]
2023-12-19T17:03:03.670+01:00  INFO 6739 --- [main] o.apache.catalina.core.StandardEngine    : Starting Servlet engine: [Apache Tomcat/10.1.15]
2023-12-19T17:03:03.693+01:00  INFO 6739 --- [main] o.a.c.c.C.[Tomcat].[localhost].[/]       : Initializing Spring embedded WebApplicationContext
2023-12-19T17:03:03.693+01:00  INFO 6739 --- [main] w.s.c.ServletWebServerApplicationContext : Root WebApplicationContext: initialization completed in 1105 ms
2023-12-19T17:03:03.806+01:00  INFO 6739 --- [main] o.hibernate.jpa.internal.util.LogHelper  : HHH000204: Processing PersistenceUnitInfo [name: default]
2023-12-19T17:03:03.834+01:00  INFO 6739 --- [main] org.hibernate.Version                    : HHH000412: Hibernate ORM core version 6.2.13.Final
2023-12-19T17:03:03.835+01:00  INFO 6739 --- [main] org.hibernate.cfg.Environment            : HHH000406: Using bytecode reflection optimizer
2023-12-19T17:03:03.888+01:00  INFO 6739 --- [main] o.h.e.boot.internal.EnversServiceImpl    : Envers integration enabled? : true
2023-12-19T17:03:03.960+01:00  INFO 6739 --- [main] o.s.o.j.p.SpringPersistenceUnitInfo      : No LoadTimeWeaver setup: ignoring JPA class transformer
2023-12-19T17:03:03.972+01:00  INFO 6739 --- [main] com.zaxxer.hikari.HikariDataSource       : HikariPool-1 - Starting...
2023-12-19T17:03:04.054+01:00  INFO 6739 --- [main] com.zaxxer.hikari.pool.HikariPool        : HikariPool-1 - Added connection org.postgresql.jdbc.PgConnection@21eb33d4
2023-12-19T17:03:04.055+01:00  INFO 6739 --- [main] com.zaxxer.hikari.HikariDataSource       : HikariPool-1 - Start completed.
2023-12-19T17:03:04.515+01:00  INFO 6739 --- [main] o.h.e.t.j.p.i.JtaPlatformInitiator       : HHH000489: No JTA platform available (set 'hibernate.transaction.jta.platform' to enable JTA platform integration)
2023-12-19T17:03:04.552+01:00  INFO 6739 --- [main] j.LocalContainerEntityManagerFactoryBean : Initialized JPA EntityManagerFactory for persistence unit 'default'
2023-12-19T17:03:04.560+01:00  INFO 6739 --- [main] com.sz.dev.config.JpaConfiguration       : Jpa configuration is enabled
2023-12-19T17:03:04.562+01:00  INFO 6739 --- [main] com.sz.dev.db.sql.pool.ConnectionPool    : Init connection pool 1
2023-12-19T17:03:05.005+01:00  INFO 6739 --- [main] o.s.b.a.e.web.EndpointLinksResolver      : Exposing 1 endpoint(s) beneath base path '/actuator'
2023-12-19T17:03:05.042+01:00  INFO 6739 --- [main] o.s.b.w.embedded.tomcat.TomcatWebServer  : Tomcat started on port(s): 8080 (http) with context path ''
2023-12-19T17:03:05.051+01:00  INFO 6739 --- [main] com.sz.dev.SzDevApplication              : Started SzDevApplication in 2.693 seconds (process running for 2.942)
2023-12-19T17:03:05.349+01:00  INFO 6739 --- [RMI TCP Connection(2)-127.0.0.1] o.a.c.c.C.[Tomcat].[localhost].[/]       : Initializing Spring DispatcherServlet 'dispatcherServlet'
2023-12-19T17:03:05.349+01:00  INFO 6739 --- [RMI TCP Connection(2)-127.0.0.1] o.s.web.servlet.DispatcherServlet        : Initializing Servlet 'dispatcherServlet'
2023-12-19T17:03:05.350+01:00  INFO 6739 --- [RMI TCP Connection(2)-127.0.0.1] o.s.web.servlet.DispatcherServlet        : Completed initialization in 1 ms
2023-12-19T17:04:09.249+01:00  INFO 6739 --- [SpringApplicationShutdownHook] com.sz.dev.db.sql.pool.ConnectionPool    : Clean connection pool
2023-12-19T17:04:09.249+01:00  INFO 6739 --- [SpringApplicationShutdownHook] j.LocalContainerEntityManagerFactoryBean : Closing JPA EntityManagerFactory for persistence unit 'default'
2023-12-19T17:04:09.250+01:00  INFO 6739 --- [SpringApplicationShutdownHook] com.zaxxer.hikari.HikariDataSource       : HikariPool-1 - Shutdown initiated...
2023-12-19T17:04:09.251+01:00  INFO 6739 --- [SpringApplicationShutdownHook] com.zaxxer.hikari.HikariDataSource       : HikariPool-1 - Shutdown completed.
